[2021-03-28 09:20:37] local.ERROR: Please provide a valid cache path. {"exception":"[object] (InvalidArgumentException(code: 0): Please provide a valid cache path. at /home1/ayedunst/LaravelPool/vendor/laravel/framework/src/Illuminate/View/Compilers/Compiler.php:36)
[stacktrace]
#0 /home1/ayedunst/LaravelPool/vendor/laravel/framework/src/Illuminate/View/ViewServiceProvider.php(88): Illuminate\\View\\Compilers\\Compiler->__construct(Object(Illuminate\\Filesystem\\Filesystem), false)
#1 /home1/ayedunst/LaravelPool/vendor/laravel/framework/src/Illuminate/Container/Container.php(826): Illuminate\\View\\ViewServiceProvider->Illuminate\\View\\{closure}(Object(Illuminate\\Foundation\\Application), Array)
#2 /home1/ayedunst/LaravelPool/vendor/laravel/framework/src/Illuminate/Container/Container.php(712): Illuminate\\Container\\Container->build(Object(Closure))
#3 /home1/ayedunst/LaravelPool/vendor/laravel/framework/src/Illuminate/Foundation/Application.php(826): Illuminate\\Container\\Container->resolve('blade.compiler', Array, true)
#4 /home1/ayedunst/LaravelPool/vendor/laravel/framework/src/Illuminate/Container/Container.php(651): Illuminate\\Foundation\\Application->resolve('blade.compiler', Array)
#5 /home1/ayedunst/LaravelPool/vendor/laravel/framework/src/Illuminate/Foundation/Application.php(811): Illuminate\\Container\\Container->make('blade.compiler', Array)
#6 /home1/ayedunst/LaravelPool/vendor/laravel/framework/src/Illuminate/Container/Container.php(1354): Illuminate\\Foundation\\Application->make('blade.compiler')
#7 /home1/ayedunst/LaravelPool/vendor/laravel/framework/src/Illuminate/View/ViewServiceProvider.php(150): Illuminate\\Container\\Container->offsetGet('blade.compiler')
#8 [internal function]: Illuminate\\View\\ViewServiceProvider->Illuminate\\View\\{closure}()
#9 /home1/ayedunst/LaravelPool/vendor/laravel/framework/src/Illuminate/View/Engines/EngineResolver.php(55): call_user_func(Object(Closure))
#10 /home1/ayedunst/LaravelPool/vendor/facade/ignition/src/IgnitionServiceProvider.php(420): Illuminate\\View\\Engines\\EngineResolver->resolve('blade')
#11 /home1/ayedunst/LaravelPool/vendor/facade/ignition/src/IgnitionServiceProvider.php(139): Facade\\Ignition\\IgnitionServiceProvider->hasCustomViewEnginesRegistered()
#12 /home1/ayedunst/LaravelPool/vendor/facade/ignition/src/IgnitionServiceProvider.php(89): Facade\\Ignition\\IgnitionServiceProvider->registerViewEngines()
#13 /home1/ayedunst/LaravelPool/vendor/laravel/framework/src/Illuminate/Container/BoundMethod.php(36): Facade\\Ignition\\IgnitionServiceProvider->boot()
#14 /home1/ayedunst/LaravelPool/vendor/laravel/framework/src/Illuminate/Container/Util.php(40): Illuminate\\Container\\BoundMethod::Illuminate\\Container\\{closure}()
#15 /home1/ayedunst/LaravelPool/vendor/laravel/framework/src/Illuminate/Container/BoundMethod.php(93): Illuminate\\Container\\Util::unwrapIfClosure(Object(Closure))
#16 /home1/ayedunst/LaravelPool/vendor/laravel/framework/src/Illuminate/Container/BoundMethod.php(37): Illuminate\\Container\\BoundMethod::callBoundMethod(Object(Illuminate\\Foundation\\Application), Array, Object(Closure))
#17 /home1/ayedunst/LaravelPool/vendor/laravel/framework/src/Illuminate/Container/Container.php(610): Illuminate\\Container\\BoundMethod::call(Object(Illuminate\\Foundation\\Application), Array, Array, NULL)
#18 /home1/ayedunst/LaravelPool/vendor/laravel/framework/src/Illuminate/Foundation/Application.php(899): Illuminate\\Container\\Container->call(Array)
#19 /home1/ayedunst/LaravelPool/vendor/laravel/framework/src/Illuminate/Foundation/Application.php(880): Illuminate\\Foundation\\Application->bootProvider(Object(Facade\\Ignition\\IgnitionServiceProvider))
#20 [internal function]: Illuminate\\Foundation\\Application->Illuminate\\Foundation\\{closure}(Object(Facade\\Ignition\\IgnitionServiceProvider), 15)
#21 /home1/ayedunst/LaravelPool/vendor/laravel/framework/src/Illuminate/Foundation/Application.php(881): array_walk(Array, Object(Closure))
#22 /home1/ayedunst/LaravelPool/vendor/laravel/framework/src/Illuminate/Foundation/Bootstrap/BootProviders.php(17): Illuminate\\Foundation\\Application->boot()
#23 /home1/ayedunst/LaravelPool/vendor/laravel/framework/src/Illuminate/Foundation/Application.php(237): Illuminate\\Foundation\\Bootstrap\\BootProviders->bootstrap(Object(Illuminate\\Foundation\\Application))
#24 /home1/ayedunst/LaravelPool/vendor/laravel/framework/src/Illuminate/Foundation/Http/Kernel.php(152): Illuminate\\Foundation\\Application->bootstrapWith(Array)
#25 /home1/ayedunst/LaravelPool/vendor/laravel/framework/src/Illuminate/Foundation/Http/Kernel.php(136): Illuminate\\Foundation\\Http\\Kernel->bootstrap()
#26 /home1/ayedunst/LaravelPool/vendor/laravel/framework/src/Illuminate/Foundation/Http/Kernel.php(110): Illuminate\\Foundation\\Http\\Kernel->sendRequestThroughRouter(Object(Illuminate\\Http\\Request))
#27 /home1/ayedunst/public_html/index.php(54): Illuminate\\Foundation\\Http\\Kernel->handle(Object(Illuminate\\Http\\Request))
#28 {main}
"} 
